  main.cpp
  ofApp.cpp
c:\users\victor\desktop\310 - final\yu-gi-no\src\ofapp.h(17): error C2143: syntax error: missing ';' before '*' (compiling source file src\ofApp.cpp)
c:\users\victor\desktop\310 - final\yu-gi-no\src\ofapp.h(17): error C2433: 'Card::MonsterCard': 'virtual' not permitted on data declarations (compiling source file src\ofApp.cpp)
c:\users\victor\desktop\310 - final\yu-gi-no\src\ofapp.h(17): error C4430: missing type specifier - int assumed. Note: C++ does not support default-int (compiling source file src\ofApp.cpp)
c:\users\victor\desktop\310 - final\yu-gi-no\src\ofapp.h(17): error C2238: unexpected token(s) preceding ';' (compiling source file src\ofApp.cpp)
c:\users\victor\desktop\310 - final\yu-gi-no\src\ofapp.h(182): error C2039: 'play': is not a member of 'Card' (compiling source file src\ofApp.cpp)
  c:\users\victor\desktop\310 - final\yu-gi-no\src\ofapp.h(6): note: see declaration of 'Card' (compiling source file src\ofApp.cpp)
c:\users\victor\desktop\310 - final\yu-gi-no\src\ofapp.h(184): warning C4553: '==': result of expression not used; did you intend '='? (compiling source file src\ofApp.cpp)
c:\users\victor\desktop\310 - final\yu-gi-no\src\ofapp.h(17): error C2143: syntax error: missing ';' before '*' (compiling source file src\main.cpp)
c:\users\victor\desktop\310 - final\yu-gi-no\src\ofapp.h(17): error C2433: 'Card::MonsterCard': 'virtual' not permitted on data declarations (compiling source file src\main.cpp)
c:\users\victor\desktop\310 - final\yu-gi-no\src\ofapp.h(17): error C4430: missing type specifier - int assumed. Note: C++ does not support default-int (compiling source file src\main.cpp)
c:\users\victor\desktop\310 - final\yu-gi-no\src\ofapp.h(17): error C2238: unexpected token(s) preceding ';' (compiling source file src\main.cpp)
c:\users\victor\desktop\310 - final\yu-gi-no\src\ofapp.h(182): error C2039: 'play': is not a member of 'Card' (compiling source file src\main.cpp)
  c:\users\victor\desktop\310 - final\yu-gi-no\src\ofapp.h(6): note: see declaration of 'Card' (compiling source file src\main.cpp)
c:\users\victor\desktop\310 - final\yu-gi-no\src\ofapp.h(184): warning C4553: '==': result of expression not used; did you intend '='? (compiling source file src\main.cpp)
